<?xml version="1.0" encoding="UTF-8"?>
<!-- Generated by org.testng.reporters.JUnitXMLReporter -->
<testsuite ignored="4" hostname="DESKTOP-T0QIQT9" failures="1" tests="3" name="Test" time="16.06" errors="0" timestamp="2023-09-21T13:29:00 IST">
  <testcase classname="com.bankingsoftcode.FundTransferAndCheckViewCust" name="fundTransfer" time="0.767">
    <failure type="java.lang.AssertionError" message="null">
      <![CDATA[java.lang.AssertionError: null
at com.bankingsoftcode.FundTransferAndCheckViewCust.fundTransfer(FundTransferAndCheckViewCust.java:47)
at java.base/java.util.ArrayList.forEach(ArrayList.java:1511)
at java.base/java.util.concurrent.FutureTask.run(FutureTask.java:264)
at java.base/java.util.concurrent.ThreadPoolExecutor.runWorker(ThreadPoolExecutor.java:1136)
at java.base/java.util.concurrent.ThreadPoolExecutor$Worker.run(ThreadPoolExecutor.java:635)
at java.base/java.lang.Thread.run(Thread.java:833)
... Removed 19 stack frames]]>
    </failure>
  </testcase> <!-- fundTransfer -->
  <testcase classname="com.bankingsoftcode.CreditTest" name="creditTest" time="5.201"/>
  <testcase classname="com.bankingsoftcode.ApplyForOpenAcTest" name="applyAc" time="0.284"/>
  <testcase classname="com.banking.genericUtils.Baseclass" name="@AfterSuite confiAS" time="0.0">
    <ignored/>
  </testcase> <!-- @AfterSuite confiAS -->
  <testcase classname="com.banking.genericUtils.Baseclass" name="@BeforeSuite configBS" time="0.0">
    <ignored/>
  </testcase> <!-- @BeforeSuite configBS -->
  <testcase classname="com.banking.genericUtils.Baseclass" name="@AfterSuite confiAS" time="0.0">
    <ignored/>
  </testcase> <!-- @AfterSuite confiAS -->
  <testcase classname="com.banking.genericUtils.Baseclass" name="@BeforeSuite configBS" time="0.0">
    <ignored/>
  </testcase> <!-- @BeforeSuite configBS -->
</testsuite> <!-- Test -->
