<?xml version="1.0" encoding="UTF-8"?>
<testng-results ignored="4" total="7" passed="2" failed="1" skipped="0">
  <reporter-output>
    <line>
      <![CDATA[fundTransfer---->Execution starts]]>
    </line>
    <line>
      <![CDATA[fundTransfer---->Failed]]>
    </line>
    <line>
      <![CDATA[creditTest---->Execution starts]]>
    </line>
    <line>
      <![CDATA[creditTest---->Testscript executed successfully]]>
    </line>
    <line>
      <![CDATA[applyAc---->Execution starts]]>
    </line>
    <line>
      <![CDATA[applyAc---->Testscript executed successfully]]>
    </line>
  </reporter-output>
  <suite started-at="2023-09-21T13:28:43 IST" name="Suite" finished-at="2023-09-21T13:28:59 IST" duration-ms="16060">
    <groups>
      <group name="system">
        <method signature="FundTransferAndCheckViewCust.fundTransfer()[pri:0, instance:com.bankingsoftcode.FundTransferAndCheckViewCust@5b7a5baa]" name="fundTransfer" class="com.bankingsoftcode.FundTransferAndCheckViewCust"/>
      </group> <!-- system -->
    </groups>
    <test started-at="2023-09-21T13:28:43 IST" name="Test" finished-at="2023-09-21T13:28:59 IST" duration-ms="16060">
      <class name="com.bankingsoftcode.ApplyForOpenAcTest">
        <test-method is-config="true" signature="configBC()[pri:0, instance:com.bankingsoftcode.ApplyForOpenAcTest@22555ebf]" started-at="2023-09-21T13:28:57 IST" name="configBC" finished-at="2023-09-21T13:28:58 IST" duration-ms="1514" status="PASS">
          <reporter-output>
          </reporter-output>
        </test-method> <!-- configBC -->
        <test-method is-config="true" signature="configuBM()[pri:0, instance:com.bankingsoftcode.ApplyForOpenAcTest@22555ebf]" started-at="2023-09-21T13:28:58 IST" name="configuBM" finished-at="2023-09-21T13:28:58 IST" duration-ms="226" status="PASS">
          <reporter-output>
          </reporter-output>
        </test-method> <!-- configuBM -->
        <test-method signature="applyAc()[pri:0, instance:com.bankingsoftcode.ApplyForOpenAcTest@22555ebf]" started-at="2023-09-21T13:28:58 IST" name="applyAc" finished-at="2023-09-21T13:28:59 IST" duration-ms="284" status="PASS">
          <reporter-output>
            <line>
              <![CDATA[applyAc---->Execution starts]]>
            </line>
            <line>
              <![CDATA[applyAc---->Testscript executed successfully]]>
            </line>
          </reporter-output>
        </test-method> <!-- applyAc -->
        <test-method is-config="true" signature="confiAC()[pri:0, instance:com.bankingsoftcode.ApplyForOpenAcTest@22555ebf]" started-at="2023-09-21T13:28:59 IST" name="confiAC" finished-at="2023-09-21T13:28:59 IST" duration-ms="433" status="PASS">
          <reporter-output>
          </reporter-output>
        </test-method> <!-- confiAC -->
      </class> <!-- com.bankingsoftcode.ApplyForOpenAcTest -->
      <class name="com.bankingsoftcode.FundTransferAndCheckViewCust">
        <test-method is-config="true" signature="configBS()[pri:0, instance:com.bankingsoftcode.FundTransferAndCheckViewCust@5b7a5baa]" started-at="2023-09-21T13:28:42 IST" name="configBS" finished-at="2023-09-21T13:28:43 IST" duration-ms="587" status="PASS">
          <reporter-output>
          </reporter-output>
        </test-method> <!-- configBS -->
        <test-method is-config="true" signature="configBC()[pri:0, instance:com.bankingsoftcode.FundTransferAndCheckViewCust@5b7a5baa]" started-at="2023-09-21T13:28:44 IST" name="configBC" finished-at="2023-09-21T13:28:47 IST" duration-ms="3528" status="PASS">
          <reporter-output>
          </reporter-output>
        </test-method> <!-- configBC -->
        <test-method is-config="true" signature="configuBM()[pri:0, instance:com.bankingsoftcode.FundTransferAndCheckViewCust@5b7a5baa]" started-at="2023-09-21T13:28:47 IST" name="configuBM" finished-at="2023-09-21T13:28:47 IST" duration-ms="247" status="PASS">
          <reporter-output>
          </reporter-output>
        </test-method> <!-- configuBM -->
        <test-method signature="fundTransfer()[pri:0, instance:com.bankingsoftcode.FundTransferAndCheckViewCust@5b7a5baa]" started-at="2023-09-21T13:28:47 IST" name="fundTransfer" finished-at="2023-09-21T13:28:48 IST" duration-ms="767" status="FAIL">
          <exception class="java.lang.AssertionError">
            <message>
              <![CDATA[null]]>
            </message>
            <full-stacktrace>
              <![CDATA[java.lang.AssertionError: null
at org.testng.Assert.fail(Assert.java:110)
at org.testng.Assert.fail(Assert.java:115)
at com.bankingsoftcode.FundTransferAndCheckViewCust.fundTransfer(FundTransferAndCheckViewCust.java:47)
at java.base/jdk.internal.reflect.NativeMethodAccessorImpl.invoke0(Native Method)
at java.base/jdk.internal.reflect.NativeMethodAccessorImpl.invoke(NativeMethodAccessorImpl.java:77)
at java.base/jdk.internal.reflect.DelegatingMethodAccessorImpl.invoke(DelegatingMethodAccessorImpl.java:43)
at java.base/java.lang.reflect.Method.invoke(Method.java:568)
at org.testng.internal.invokers.MethodInvocationHelper.invokeMethod(MethodInvocationHelper.java:139)
at org.testng.internal.invokers.TestInvoker.invokeMethod(TestInvoker.java:677)
at org.testng.internal.invokers.TestInvoker.invokeTestMethod(TestInvoker.java:221)
at org.testng.internal.invokers.MethodRunner.runInSequence(MethodRunner.java:50)
at org.testng.internal.invokers.TestInvoker$MethodInvocationAgent.invoke(TestInvoker.java:969)
at org.testng.internal.invokers.TestInvoker.invokeTestMethods(TestInvoker.java:194)
at org.testng.internal.invokers.TestMethodWorker.invokeTestMethods(TestMethodWorker.java:148)
at org.testng.internal.invokers.TestMethodWorker.run(TestMethodWorker.java:128)
at java.base/java.util.ArrayList.forEach(ArrayList.java:1511)
at org.testng.TestRunner.privateRun(TestRunner.java:829)
at org.testng.TestRunner.run(TestRunner.java:602)
at org.testng.SuiteRunner.runTest(SuiteRunner.java:437)
at org.testng.SuiteRunner$SuiteWorker.run(SuiteRunner.java:475)
at org.testng.internal.thread.ThreadUtil.lambda$execute$0(ThreadUtil.java:58)
at java.base/java.util.concurrent.FutureTask.run(FutureTask.java:264)
at java.base/java.util.concurrent.ThreadPoolExecutor.runWorker(ThreadPoolExecutor.java:1136)
at java.base/java.util.concurrent.ThreadPoolExecutor$Worker.run(ThreadPoolExecutor.java:635)
at java.base/java.lang.Thread.run(Thread.java:833)
]]>
            </full-stacktrace>
          </exception> <!-- java.lang.AssertionError -->
          <reporter-output>
            <line>
              <![CDATA[fundTransfer---->Execution starts]]>
            </line>
            <line>
              <![CDATA[fundTransfer---->Failed]]>
            </line>
          </reporter-output>
        </test-method> <!-- fundTransfer -->
        <test-method is-config="true" signature="confiAC()[pri:0, instance:com.bankingsoftcode.FundTransferAndCheckViewCust@5b7a5baa]" started-at="2023-09-21T13:28:49 IST" name="confiAC" finished-at="2023-09-21T13:28:49 IST" duration-ms="515" status="PASS">
          <reporter-output>
          </reporter-output>
        </test-method> <!-- confiAC -->
        <test-method is-config="true" signature="confiAS()[pri:0, instance:com.bankingsoftcode.FundTransferAndCheckViewCust@5b7a5baa]" started-at="2023-09-21T13:29:00 IST" name="confiAS" finished-at="2023-09-21T13:29:00 IST" duration-ms="7" status="PASS">
          <reporter-output>
          </reporter-output>
        </test-method> <!-- confiAS -->
      </class> <!-- com.bankingsoftcode.FundTransferAndCheckViewCust -->
      <class name="com.bankingsoftcode.CreditTest">
        <test-method is-config="true" signature="configBC()[pri:0, instance:com.bankingsoftcode.CreditTest@292b08d6]" started-at="2023-09-21T13:28:49 IST" name="configBC" finished-at="2023-09-21T13:28:51 IST" duration-ms="1431" status="PASS">
          <reporter-output>
          </reporter-output>
        </test-method> <!-- configBC -->
        <test-method is-config="true" signature="configuBM()[pri:0, instance:com.bankingsoftcode.CreditTest@292b08d6]" started-at="2023-09-21T13:28:51 IST" name="configuBM" finished-at="2023-09-21T13:28:51 IST" duration-ms="248" status="PASS">
          <reporter-output>
          </reporter-output>
        </test-method> <!-- configuBM -->
        <test-method signature="creditTest()[pri:0, instance:com.bankingsoftcode.CreditTest@292b08d6]" started-at="2023-09-21T13:28:51 IST" name="creditTest" finished-at="2023-09-21T13:28:56 IST" duration-ms="5201" status="PASS">
          <reporter-output>
            <line>
              <![CDATA[creditTest---->Execution starts]]>
            </line>
            <line>
              <![CDATA[creditTest---->Testscript executed successfully]]>
            </line>
          </reporter-output>
        </test-method> <!-- creditTest -->
        <test-method is-config="true" signature="confiAC()[pri:0, instance:com.bankingsoftcode.CreditTest@292b08d6]" started-at="2023-09-21T13:28:56 IST" name="confiAC" finished-at="2023-09-21T13:28:57 IST" duration-ms="552" status="PASS">
          <reporter-output>
          </reporter-output>
        </test-method> <!-- confiAC -->
      </class> <!-- com.bankingsoftcode.CreditTest -->
    </test> <!-- Test -->
  </suite> <!-- Suite -->
</testng-results>
